<?xml version="1.0" encoding="UTF-8"?>
<!-- Generated by org.testng.reporters.JUnitReportReporter -->
<testsuite hostname="LAPTOP-MCUCVA6H" failures="0" tests="3" name="TestngDemoTest.SecondTest" time="0.008" errors="0" timestamp="2023-07-30T18:39:06 IST" skipped="0">
  <testcase classname="TestngDemoTest.SecondTest" name="TestCase1" time="0.004"/>
  <system-out/>
  <testcase classname="TestngDemoTest.SecondTest" name="TestCase2" time="0.002"/>
  <system-out/>
  <testcase classname="TestngDemoTest.SecondTest" name="TestCase3" time="0.002"/>
  <system-out/>
</testsuite> <!-- TestngDemoTest.SecondTest -->
