<?xml version="1.0" encoding="UTF-8"?>
<!-- Generated by org.testng.reporters.JUnitReportReporter -->
<testsuite hostname="LAPTOP-MCUCVA6H" failures="0" tests="1" name="TestngDemoTest.ThirdTest" time="0.008" errors="0" timestamp="2023-07-27T18:43:30 IST" skipped="0">
  <testcase classname="TestngDemoTest.ThirdTest" name="m3" time="0.008"/>
  <system-out/>
</testsuite> <!-- TestngDemoTest.ThirdTest -->
